TN:
SF:index.js
FN:34,(anonymous_0)
FNF:1
FNH:1
FNDA:1,(anonymous_0)
DA:1,1
DA:2,1
DA:3,1
DA:4,1
DA:5,1
DA:7,1
DA:8,1
DA:15,1
DA:17,1
DA:18,1
DA:21,1
DA:29,1
DA:30,1
DA:31,1
DA:34,1
DA:35,1
DA:41,1
DA:42,1
DA:44,1
LF:19
LH:19
BRDA:7,0,0,1
BRDA:7,0,1,0
BRF:2
BRH:1
end_of_record
TN:
SF:controllers/bookController.js
FN:3,(anonymous_0)
FN:18,(anonymous_1)
FN:34,(anonymous_2)
FNF:3
FNH:2
FNDA:1,(anonymous_0)
FNDA:1,(anonymous_1)
FNDA:0,(anonymous_2)
DA:1,1
DA:3,1
DA:4,1
DA:5,1
DA:6,1
DA:11,0
DA:18,1
DA:19,1
DA:20,1
DA:22,1
DA:27,0
DA:34,1
DA:35,0
DA:36,0
DA:42,0
DA:47,0
LF:16
LH:10
BRF:0
BRH:0
end_of_record
TN:
SF:controllers/userController.js
FN:7,(anonymous_0)
FN:23,(anonymous_1)
FN:44,(anonymous_2)
FN:64,(anonymous_3)
FNF:4
FNH:3
FNDA:1,(anonymous_0)
FNDA:1,(anonymous_1)
FNDA:1,(anonymous_2)
FNDA:0,(anonymous_3)
DA:1,1
DA:2,1
DA:5,1
DA:7,1
DA:8,1
DA:9,1
DA:11,1
DA:16,0
DA:23,1
DA:24,1
DA:25,1
DA:26,1
DA:29,1
DA:31,1
DA:32,1
DA:37,0
DA:44,1
DA:45,1
DA:46,1
DA:52,1
DA:57,0
DA:64,1
DA:65,0
DA:67,0
DA:68,0
DA:73,0
LF:26
LH:19
BRF:0
BRH:0
end_of_record
TN:
SF:middleware/auth.js
FN:3,isAuthenticated
FNF:1
FNH:1
FNDA:4,isAuthenticated
DA:1,1
DA:4,4
DA:6,4
DA:7,4
DA:9,4
DA:10,4
DA:11,4
DA:12,4
DA:14,0
DA:20,1
LF:10
LH:9
BRDA:6,0,0,0
BRDA:6,0,1,4
BRDA:7,1,0,0
BRDA:7,1,1,4
BRF:4
BRH:2
end_of_record
TN:
SF:models/book.js
FNF:0
FNH:0
DA:1,1
DA:2,1
DA:4,1
DA:22,1
LF:4
LH:4
BRF:0
BRH:0
end_of_record
TN:
SF:models/user.js
FN:26,(anonymous_0)
FN:27,(anonymous_1)
FNF:2
FNH:2
FNDA:5,(anonymous_0)
FNDA:5,(anonymous_1)
DA:1,1
DA:2,1
DA:3,1
DA:4,1
DA:6,1
DA:24,1
DA:26,1
DA:27,5
DA:28,5
DA:29,5
DA:31,5
DA:32,5
DA:34,5
DA:36,5
DA:40,1
LF:15
LH:15
BRDA:29,0,0,0
BRDA:29,0,1,5
BRDA:32,1,0,0
BRDA:32,1,1,5
BRF:4
BRH:2
end_of_record
TN:
SF:routes/bookRouter.js
FNF:0
FNH:0
DA:1,1
DA:2,1
DA:4,1
DA:6,1
DA:7,1
DA:8,1
DA:10,1
LF:7
LH:7
BRF:0
BRH:0
end_of_record
TN:
SF:routes/userRouter.js
FNF:0
FNH:0
DA:1,1
DA:2,1
DA:4,1
DA:7,1
DA:10,1
DA:13,1
DA:14,1
DA:16,1
DA:17,1
DA:18,1
DA:20,1
LF:11
LH:11
BRF:0
BRH:0
end_of_record
